-------------------------------------------------------------------------------
Test set: com.wholesale.anz.api.web.controllers.AccountTransactionControllerTest
-------------------------------------------------------------------------------
Tests run: 1, Failures: 1, Errors: 0, Skipped: 0, Time elapsed: 0.732 s <<< FAILURE! - in com.wholesale.anz.api.web.controllers.AccountTransactionControllerTest
shouldFindAccountTransactionsByAccountNumber  Time elapsed: 0.122 s  <<< FAILURE!
java.lang.AssertionError: No value at JSON path "$.text"
	at com.wholesale.anz.api.web.controllers.AccountTransactionControllerTest.shouldFindAccountTransactionsByAccountNumber(AccountTransactionControllerTest.java:62)
Caused by: com.jayway.jsonpath.PathNotFoundException: Expected to find an object with property ['text'] in path $ but found 'net.minidev.json.JSONArray'. This is not a json object according to the JsonProvider: 'com.jayway.jsonpath.spi.json.JsonSmartJsonProvider'.
	at com.wholesale.anz.api.web.controllers.AccountTransactionControllerTest.shouldFindAccountTransactionsByAccountNumber(AccountTransactionControllerTest.java:62)

