<?xml version="1.0" encoding="UTF-8"?>
<testsuite xmlns:xsi="http://www.w3.org/2001/XMLSchema-instance" xsi:noNamespaceSchemaLocation="https://maven.apache.org/surefire/maven-surefire-plugin/xsd/surefire-test-report.xsd" name="com.wholesale.anz.api.web.controllers.AccountTransactionControllerTest" time="0.732" tests="1" errors="0" skipped="0" failures="1">
  <properties>
[...]
</properties>
  <testcase name="shouldFindAccountTransactionsByAccountNumber" classname="com.wholesale.anz.api.web.controllers.AccountTransactionControllerTest" time="0.122">
    <failure message="No value at JSON path &quot;$.text&quot;" type="java.lang.AssertionError">java.lang.AssertionError: No value at JSON path "$.text"
	at com.wholesale.anz.api.web.controllers.AccountTransactionControllerTest.shouldFindAccountTransactionsByAccountNumber(AccountTransactionControllerTest.java:62)
Caused by: com.jayway.jsonpath.PathNotFoundException: Expected to find an object with property ['text'] in path $ but found 'net.minidev.json.JSONArray'. This is not a json object according to the JsonProvider: 'com.jayway.jsonpath.spi.json.JsonSmartJsonProvider'.
	at com.wholesale.anz.api.web.controllers.AccountTransactionControllerTest.shouldFindAccountTransactionsByAccountNumber(AccountTransactionControllerTest.java:62)
</failure>
    <system-out><![CDATA[16:09:01.301 [main] INFO  org.springframework.boot.test.autoconfigure.web.servlet.WebMvcTestContextBootstrapper - Neither @ContextConfiguration nor @ContextHierarchy found for test class [com.wholesale.anz.api.web.controllers.AccountTransactionControllerTest], using SpringBootContextLoader
16:09:01.313 [main] INFO  org.springframework.test.context.support.AbstractContextLoader - Could not detect default resource locations for test class [com.wholesale.anz.api.web.controllers.AccountTransactionControllerTest]: no resource found for suffixes {-context.xml, Context.groovy}.
16:09:01.313 [main] INFO  org.springframework.test.context.support.AnnotationConfigContextLoaderUtils - Could not detect default configuration classes for test class [com.wholesale.anz.api.web.controllers.AccountTransactionControllerTest]: AccountTransactionControllerTest does not declare any static, non-private, non-final, nested classes annotated with @Configuration.
16:09:01.317 [main] INFO  org.springframework.boot.test.context.SpringBootTestContextBootstrapper - Found @SpringBootConfiguration com.wholesale.anz.api.Application for test class com.wholesale.anz.api.web.controllers.AccountTransactionControllerTest
16:09:01.318 [main] INFO  org.springframework.boot.test.autoconfigure.web.servlet.WebMvcTestContextBootstrapper - Loaded default TestExecutionListener class names from location [META-INF/spring.factories]: [org.springframework.boot.test.mock.mockito.MockitoTestExecutionListener, org.springframework.boot.test.mock.mockito.ResetMocksTestExecutionListener, org.springframework.boot.test.autoconfigure.restdocs.RestDocsTestExecutionListener, org.springframework.boot.test.autoconfigure.web.client.MockRestServiceServerResetTestExecutionListener, org.springframework.boot.test.autoconfigure.web.servlet.MockMvcPrintOnlyOnFailureTestExecutionListener, org.springframework.boot.test.autoconfigure.web.servlet.WebDriverTestExecutionListener, org.springframework.boot.test.autoconfigure.webservices.client.MockWebServiceServerTestExecutionListener, org.springframework.test.context.web.ServletTestExecutionListener, org.springframework.test.context.support.DirtiesContextBeforeModesTestExecutionListener, org.springframework.test.context.support.DependencyInjectionTestExecutionListener, org.springframework.test.context.support.DirtiesContextTestExecutionListener, org.springframework.test.context.transaction.TransactionalTestExecutionListener, org.springframework.test.context.jdbc.SqlScriptsTestExecutionListener, org.springframework.test.context.event.EventPublishingTestExecutionListener]
16:09:01.319 [main] INFO  org.springframework.boot.test.autoconfigure.web.servlet.WebMvcTestContextBootstrapper - Using TestExecutionListeners: [org.springframework.test.context.web.ServletTestExecutionListener@63702e4, org.springframework.test.context.support.DirtiesContextBeforeModesTestExecutionListener@4b0d7cb5, org.springframework.boot.test.mock.mockito.MockitoTestExecutionListener@4c511912, org.springframework.boot.test.autoconfigure.SpringBootDependencyInjectionTestExecutionListener@1ef8f1ca, org.springframework.test.context.support.DirtiesContextTestExecutionListener@2066f0d3, org.springframework.test.context.transaction.TransactionalTestExecutionListener@aed8be, org.springframework.test.context.jdbc.SqlScriptsTestExecutionListener@4473d830, org.springframework.test.context.event.EventPublishingTestExecutionListener@1ddc17d5, org.springframework.boot.test.mock.mockito.ResetMocksTestExecutionListener@aab9cd5, org.springframework.boot.test.autoconfigure.restdocs.RestDocsTestExecutionListener@7c36ce16, org.springframework.boot.test.autoconfigure.web.client.MockRestServiceServerResetTestExecutionListener@26de2bf8, org.springframework.boot.test.autoconfigure.web.servlet.MockMvcPrintOnlyOnFailureTestExecutionListener@5b41f249, org.springframework.boot.test.autoconfigure.web.servlet.WebDriverTestExecutionListener@dda90c0, org.springframework.boot.test.autoconfigure.webservices.client.MockWebServiceServerTestExecutionListener@4756a913]

  .   ____          _            __ _ _
 /\\ / ___'_ __ _ _(_)_ __  __ _ \ \ \ \
( ( )\___ | '_ | '_| | '_ \/ _` | \ \ \ \
 \\/  ___)| |_)| | | | | || (_| |  ) ) ) )
  '  |____| .__|_| |_|_| |_\__, | / / / /
 =========|_|==============|___/=/_/_/_/
 :: Spring Boot ::        (v2.3.8.RELEASE)

16:09:01.374 [main] INFO  com.wholesale.anz.api.web.controllers.AccountTransactionControllerTest - Starting AccountTransactionControllerTest on DESKTOP-4A0CK9B with PID 16308 (started by AITIO in E:\habib\accenture\personal\infosys\accounts)
16:09:01.375 [main] INFO  com.wholesale.anz.api.web.controllers.AccountTransactionControllerTest - The following profiles are active: test
16:09:01.786 [main] INFO  org.springframework.scheduling.concurrent.ThreadPoolTaskExecutor - Initializing ExecutorService 'applicationTaskExecutor'
16:09:01.915 [main] INFO  org.springframework.boot.test.mock.web.SpringBootMockServletContext - Initializing Spring TestDispatcherServlet ''
16:09:01.916 [main] INFO  org.springframework.test.web.servlet.TestDispatcherServlet - Initializing Servlet ''
16:09:01.925 [main] INFO  org.springframework.test.web.servlet.TestDispatcherServlet - Completed initialization in 9 ms
16:09:01.941 [main] INFO  com.wholesale.anz.api.web.controllers.AccountTransactionControllerTest - Started AccountTransactionControllerTest in 0.617 seconds (JVM running for 5.766)

MockHttpServletRequest:
      HTTP Method = GET
      Request URI = /api/transactions/1245631215
       Parameters = {}
          Headers = []
             Body = null
    Session Attrs = {}

Handler:
             Type = com.wholesale.anz.api.web.controllers.AccountTransactionController
           Method = com.wholesale.anz.api.web.controllers.AccountTransactionController#getAccountsTransactionsById(String)

Async:
    Async started = false
     Async result = null

Resolved Exception:
             Type = null

ModelAndView:
        View name = null
             View = null
            Model = null

FlashMap:
       Attributes = null

MockHttpServletResponse:
           Status = 200
    Error message = null
          Headers = [Vary:"Origin", "Access-Control-Request-Method", "Access-Control-Request-Headers", Content-Type:"application/json"]
     Content type = application/json
             Body = [{"id":7,"accountNumber":"1245631215","accountName":"USDSavings459","valueDate":"2021-02-26T10:39:01.947+00:00","currency":"USD","debitAmount":0.0,"creditAmount":500.0,"debitOrCredit":"Credit","transactionNarrative":""},{"id":8,"accountNumber":"1245631215","accountName":"USDSavings459","valueDate":"2021-02-26T10:39:01.947+00:00","currency":"USD","debitAmount":0.0,"creditAmount":200.0,"debitOrCredit":"Credit","transactionNarrative":""},{"id":9,"accountNumber":"1245631215","accountName":"USDSavings459","valueDate":"2021-02-26T10:39:01.947+00:00","currency":"USD","debitAmount":0.0,"creditAmount":900.0,"debitOrCredit":"Credit","transactionNarrative":""}]
    Forwarded URL = null
   Redirected URL = null
          Cookies = []
]]></system-out>
  </testcase>
</testsuite>