GROUP,PACKAGE,CLASS,INSTRUCTION_MISSED,INSTRUCTION_COVERED,BRANCH_MISSED,BRANCH_COVERED,LINE_MISSED,LINE_COVERED,COMPLEXITY_MISSED,COMPLEXITY_COVERED,METHOD_MISSED,METHOD_COVERED
wholesale,com.wholesale.anz.api.services,AccountService,7,0,0,0,2,0,2,0,2,0
wholesale,com.wholesale.anz.api.services,AccountTransactionService,8,0,0,0,2,0,2,0,2,0
wholesale,com.wholesale.anz.api.web.controllers,AccountController,0,11,0,0,0,3,0,3,0,3
wholesale,com.wholesale.anz.api.web.controllers,AccountTransactionController,0,13,0,0,0,3,0,3,0,3
wholesale,com.wholesale.anz.api.entities,AccountTransaction,39,57,0,0,2,10,10,10,10,10
wholesale,com.wholesale.anz.api.entities,Account,31,45,0,0,2,8,8,8,8,8
